<?xml version="1.0" encoding="UTF-8"?>
<!-- Generated by org.testng.reporters.JUnitReportReporter -->
<testsuite hostname="DESKTOP-QM3HV59" failures="0" tests="45" name="tests.EdificeTestAndroid" time="1054.363" errors="0" timestamp="18 Jan 2022 10:14:25 GMT">
  <testcase classname="tests.EdificeTestAndroid" name="Add_Network_Security_WEP" time="8.970"/>
  <testcase classname="tests.EdificeTestAndroid" name="Add_Network_Security_WPA_WPA2" time="123.567"/>
  <testcase classname="tests.EdificeTestAndroid" name="Successful_connection" time="0.095"/>
  <testcase classname="tests.EdificeTestAndroid" name="Add_Network_Secuirty_802_1x_TTLS" time="12.192"/>
  <testcase classname="tests.EdificeTestAndroid" name="Choose_a_network_Connection_Failed_Back" time="0.779"/>
  <testcase classname="tests.EdificeTestAndroid" name="Add_Network_AdvancedSettings_Proxy_Auto" time="21.024"/>
  <testcase classname="tests.EdificeTestAndroid" name="Choose_a_network_Connection_Correct_Password" time="21.916"/>
  <testcase classname="tests.EdificeTestAndroid" name="Choose_a_sensor_No_Results" time="38.061"/>
  <testcase classname="tests.EdificeTestAndroid" name="BluDeny" time="1.208"/>
  <testcase classname="tests.EdificeTestAndroid" name="Screen_Step_1" time="2.403"/>
  <testcase classname="tests.EdificeTestAndroid" name="Connecting_to_a_sensor_back" time="95.892"/>
  <testcase classname="tests.EdificeTestAndroid" name="Button_Quit_Screen_Choose_a_sensor_Quit" time="1.390"/>
  <testcase classname="tests.EdificeTestAndroid" name="Add_Network_Secuirty_802_1x_PEAP" time="10.736"/>
  <testcase classname="tests.EdificeTestAndroid" name="Choose_a_network_Connection_Failed" time="0.068"/>
  <testcase classname="tests.EdificeTestAndroid" name="Add_Network_Secuirty_802_1x_FAST" time="11.959"/>
  <testcase classname="tests.EdificeTestAndroid" name="Choosing_another_network_networkList" time="62.204"/>
  <testcase classname="tests.EdificeTestAndroid" name="Screen_Step_2" time="0.059"/>
  <testcase classname="tests.EdificeTestAndroid" name="Button_Quit_Screen_Choose_a_sensor_Cancel" time="87.549"/>
  <testcase classname="tests.EdificeTestAndroid" name="Add_Network_Advenced_Options" time="21.750"/>
  <testcase classname="tests.EdificeTestAndroid" name="Choose_a_network_Password_Cancel" time="0.846"/>
  <testcase classname="tests.EdificeTestAndroid" name="Add_Network_Secuirty_802_1x_PWD" time="12.933"/>
  <testcase classname="tests.EdificeTestAndroid" name="Device_Name" time="114.087"/>
  <testcase classname="tests.EdificeTestAndroid" name="Add_Network_AdvancedSettings_Proxy_None" time="9.563"/>
  <testcase classname="tests.EdificeTestAndroid" name="BluAllow" time="2.979"/>
  <testcase classname="tests.EdificeTestAndroid" name="Add_Network_AdvancedSettings_IP_Static" time="5.048"/>
  <testcase classname="tests.EdificeTestAndroid" name="Choose_a_network_Incorrect_Password" time="17.299"/>
  <testcase classname="tests.EdificeTestAndroid" name="Add_Network_Cancel" time="0.736"/>
  <testcase classname="tests.EdificeTestAndroid" name="Choose_a_network_Password_Show" time="2.329"/>
  <testcase classname="tests.EdificeTestAndroid" name="Connecting_to_a_sensor_failed" time="132.823"/>
  <testcase classname="tests.EdificeTestAndroid" name="Button_Quit_Screen_Choose_a_sensor" time="15.150"/>
  <testcase classname="tests.EdificeTestAndroid" name="Dialog_Connection_Cancel" time="1.000"/>
  <testcase classname="tests.EdificeTestAndroid" name="Button_Quit_Screen_Select_Network_Cancel" time="0.698"/>
  <testcase classname="tests.EdificeTestAndroid" name="Add_Network_Secuirty_802_1x" time="23.172"/>
  <testcase classname="tests.EdificeTestAndroid" name="Choose_a_network" time="7.743"/>
  <testcase classname="tests.EdificeTestAndroid" name="Screen_Select_a_Network" time="0.892"/>
  <testcase classname="tests.EdificeTestAndroid" name="BluDialog" time="0.038"/>
  <testcase classname="tests.EdificeTestAndroid" name="Connecting_to_a_sensor_Success" time="0.057"/>
  <testcase classname="tests.EdificeTestAndroid" name="Choose_a_sensor" time="113.462"/>
  <testcase classname="tests.EdificeTestAndroid" name="Add_Network" time="43.257"/>
  <testcase classname="tests.EdificeTestAndroid" name="Button_Quit_Screen_Select_Network" time="1.733"/>
  <testcase classname="tests.EdificeTestAndroid" name="Add_Network_Secuirty_802_1x_TLS" time="11.894"/>
  <testcase classname="tests.EdificeTestAndroid" name="Add_Network_Confirm" time="6.221"/>
  <testcase classname="tests.EdificeTestAndroid" name="Choosing_another_senzor" time="6.310"/>
  <testcase classname="tests.EdificeTestAndroid" name="Choose_a_sensor_Refresh" time="0.163"/>
  <testcase classname="tests.EdificeTestAndroid" name="Button_Quit_Screen_Select_Network_Quit" time="2.108"/>
</testsuite> <!-- tests.EdificeTestAndroid -->
